08/03/2014 22:36:04 Resultat renseigne pour le combat 64
08/03/2014 22:36:35 Resultat renseigne pour le combat 64
08/03/2014 22:46:00 Resultat renseigne pour le combat 64
08/03/2014 22:55:38 Resultat renseigne pour le combat 64
08/03/2014 23:00:52 Resultat renseigne pour le combat 65
08/03/2014 23:01:12 Resultat renseigne pour le combat 66
08/03/2014 23:03:38 Resultat renseigne pour le combat 64
08/03/2014 23:05:02 Resultat renseigne pour le combat 64
08/03/2014 23:06:23 Resultat renseigne pour le combat 68
08/03/2014 23:07:03 Resultat renseigne pour le combat 67
08/03/2014 23:07:42 Resultat renseigne pour le combat 66
08/03/2014 23:08:33 Resultat renseigne pour le combat 64
08/03/2014 23:10:45 1 = RM - 2 = RM - 3 = BK
08/03/2014 23:10:45 Resultat renseigne pour le combat 64
08/03/2014 23:16:18 1 = RM - 2 = RK - 3 = BD
08/03/2014 23:16:18 s1 = K - s2 = K - s3 = K
08/03/2014 23:16:18 Resultat renseigne pour le combat 64
08/03/2014 23:17:16 1 = RM - 2 = RK - 3 = BD
08/03/2014 23:17:16 s1 = M - s2 = K - s3 = D
08/03/2014 23:17:16 Resultat renseigne pour le combat 64
08/03/2014 23:23:31 1 = RM - 2 = RK - 3 = BD
08/03/2014 23:23:31 s1 = M - s2 = K - s3 = D
08/03/2014 23:23:31 Resultat renseigne pour le combat 64
08/03/2014 23:24:48 Resultat renseigne pour le combat 64
08/03/2014 23:24:58 Resultat renseigne pour le combat 67
08/03/2014 23:30:13 Resultat renseigne pour le combat 69
10/03/2014 22:39:35 Classement renseigne pour la poule 1
10/03/2014 22:39:35 Classement renseigne pour la poule 1
10/03/2014 22:39:35 Classement renseigne pour la poule 1
10/03/2014 22:46:32 Classement renseigne pour la poule 1
10/03/2014 22:46:32 Classement renseigne pour la poule 1
10/03/2014 22:46:32 Classement renseigne pour la poule 1
10/03/2014 22:51:07 Classement renseigne pour la poule 1
10/03/2014 22:51:07 Classement renseigne pour la poule 1
10/03/2014 22:51:07 Classement renseigne pour la poule 1
10/03/2014 22:59:52 Classement renseigne pour la poule 1
10/03/2014 22:59:52 Classement renseigne pour la poule 1
10/03/2014 22:59:53 Classement renseigne pour la poule 1
10/03/2014 23:03:04 Erreur dans le renseignement du classement pour la poule 1
10/03/2014 23:03:04 Classement renseigne pour la poule 1
10/03/2014 23:03:04 Erreur dans le renseignement du classement pour la poule 1
10/03/2014 23:06:06 Classement renseigne pour la poule 1
10/03/2014 23:06:06 Classement renseigne pour la poule 1
10/03/2014 23:06:06 Classement renseigne pour la poule 1
10/03/2014 23:06:23 Classement renseigne pour la poule 3
10/03/2014 23:06:23 Classement renseigne pour la poule 3
10/03/2014 23:06:23 Classement renseigne pour la poule 3
10/03/2014 23:06:23 Classement renseigne pour la poule 3
10/03/2014 23:06:30 Classement renseigne pour la poule 2
10/03/2014 23:06:30 Classement renseigne pour la poule 2
10/03/2014 23:06:30 Classement renseigne pour la poule 2
10/03/2014 23:19:53 Resultat renseigne pour le combat 69
14/03/2014 22:56:01 nbCompetiteur : 0
14/03/2014 22:58:32 nbPoule : 3
14/03/2014 22:58:32 categorie : 13 i : 0 nbCompetiteur : 0
14/03/2014 22:59:10 nbPoule : 3
14/03/2014 22:59:10 categorie : 13 i : 0 nbCompetiteur : 0
14/03/2014 22:59:49 ->categorie : 13 i : 1 nbCompetiteur : 3
19/03/2014 22:46:31 Classement renseigne pour la poule 1
19/03/2014 22:46:31 Classement renseigne pour la poule 1
19/03/2014 22:46:31 Classement renseigne pour la poule 1
19/03/2014 22:49:32 Resultat renseigne pour le combat 88
19/03/2014 22:49:43 Resultat renseigne pour le combat 88
19/03/2014 22:50:06 Resultat renseigne pour le combat 88
19/03/2014 22:51:38 Resultat renseigne pour le combat 88
19/03/2014 22:51:50 Resultat renseigne pour le combat 89
19/03/2014 22:57:50 Resultat renseigne pour le combat 90
19/03/2014 23:09:38 Resultat renseigne pour le combat 90
19/03/2014 23:13:31 Resultat renseigne pour le combat 88
19/03/2014 23:13:35 Resultat renseigne pour le combat 89
19/03/2014 23:18:50 Resultat renseigne pour le combat 88
19/03/2014 23:19:29 Resultat renseigne pour le combat 89
19/03/2014 23:19:31 Resultat renseigne pour le combat 90
19/03/2014 23:24:14 Resultat renseigne pour le combat 88
19/03/2014 23:24:18 Resultat renseigne pour le combat 89
19/03/2014 23:24:21 Resultat renseigne pour le combat 90
19/03/2014 23:27:21 Resultat renseigne pour le combat 88
20/03/2014 22:15:32 Resultat renseigne pour le combat 88
20/03/2014 22:17:05 Resultat renseigne pour le combat 88
20/03/2014 22:18:18 Resultat renseigne pour le combat 88
20/03/2014 22:21:06 Resultat renseigne pour le combat 88
20/03/2014 22:21:54 Resultat renseigne pour le combat 88
20/03/2014 22:29:30 Resultat renseigne pour le combat 88
20/03/2014 22:38:45 Resultat renseigne pour le combat 88
20/03/2014 22:38:46 resCombattant1 : Array - resCombattant2 : Array
20/03/2014 22:40:12 Resultat renseigne pour le combat 88
20/03/2014 22:40:12 resCombattant1 : 0 - resCombattant2 : 0
20/03/2014 22:41:24 Resultat renseigne pour le combat 89
20/03/2014 22:41:24 resCombattant1 : 1 - resCombattant2 : 0
20/03/2014 22:41:27 Resultat renseigne pour le combat 90
20/03/2014 22:41:27 resCombattant1 : -1 - resCombattant2 : 0
20/03/2014 22:49:14 Resultat renseigne pour le combat 91
20/03/2014 22:49:14 resCombattant1 : 0 - resCombattant2 : 0
20/03/2014 22:49:14 Erreur dans le renseignement du classement pour la poule 
20/03/2014 22:49:15 Erreur dans le renseignement du classement pour la poule 
20/03/2014 22:50:19 Resultat renseigne pour le combat 91
20/03/2014 22:50:19 resCombattant1 : 1 - resCombattant2 : -1
20/03/2014 22:50:20 Classement renseigne pour la poule 
20/03/2014 22:50:20 Classement renseigne pour la poule 
20/03/2014 22:50:54 Resultat renseigne pour le combat 91
20/03/2014 22:50:54 resCombattant1 : 2 - resCombattant2 : -2
20/03/2014 22:50:54 Erreur dans le renseignement du classement pour la poule 
20/03/2014 22:50:54 Erreur dans le renseignement du classement pour la poule 
20/03/2014 23:00:15 Resultat renseigne pour le combat 91
20/03/2014 23:00:15 resCombattant1 : 3 - resCombattant2 : -3
20/03/2014 23:00:15 Classement renseigne pour la poule 2
20/03/2014 23:00:15 Classement renseigne pour la poule 2
20/03/2014 23:00:25 Resultat renseigne pour le combat 92
20/03/2014 23:00:25 resCombattant1 : 4 - resCombattant2 : 0
20/03/2014 23:00:25 Classement renseigne pour la poule 2
20/03/2014 23:00:25 Classement renseigne pour la poule 2
20/03/2014 23:00:55 Resultat renseigne pour le combat 93
20/03/2014 23:00:55 resCombattant1 : -4 - resCombattant2 : -1
20/03/2014 23:00:55 Classement renseigne pour la poule 2
20/03/2014 23:00:55 Classement renseigne pour la poule 2
20/03/2014 23:03:06 Resultat renseigne pour le combat 91
20/03/2014 23:03:06 resCombattant1 : 0 - resCombattant2 : 0
20/03/2014 23:03:06 Classement renseigne pour la poule 2
20/03/2014 23:03:06 Classement renseigne pour la poule 2
20/03/2014 23:03:13 Resultat renseigne pour le combat 92
20/03/2014 23:03:13 resCombattant1 : 1 - resCombattant2 : 0
20/03/2014 23:03:13 Classement renseigne pour la poule 2
20/03/2014 23:03:13 Classement renseigne pour la poule 2
20/03/2014 23:03:19 Resultat renseigne pour le combat 93
20/03/2014 23:03:19 resCombattant1 : -1 - resCombattant2 : -1
20/03/2014 23:03:19 Classement renseigne pour la poule 2
20/03/2014 23:03:19 Classement renseigne pour la poule 2
20/03/2014 23:15:18 Resultat renseigne pour le combat 91
20/03/2014 23:15:18 resCombattant1 : 2 - resCombattant2 : -2
20/03/2014 23:25:15 Resultat renseigne pour le combat 94
20/03/2014 23:25:15 poule 3 - lic 5 - cat 13
20/03/2014 23:25:15 poule 3 - lic 5 - cat 13
20/03/2014 23:28:10 Resultat renseigne pour le combat 95
20/03/2014 23:28:10 lic 5
20/03/2014 23:28:10 lic 5
20/03/2014 23:28:50 Resultat renseigne pour le combat 95
20/03/2014 23:28:50 lic 5
20/03/2014 23:28:50 lic 5
20/03/2014 23:28:59 Resultat renseigne pour le combat 96
20/03/2014 23:29:00 lic 5
20/03/2014 23:29:00 lic 5
20/03/2014 23:29:34 Resultat renseigne pour le combat 96
20/03/2014 23:29:34 lic 56
20/03/2014 23:29:34 lic 55
20/03/2014 23:29:34 lic 161
20/03/2014 23:29:34 lic 164
20/03/2014 23:31:54 Resultat renseigne pour le combat 94
20/03/2014 23:31:54 lic 55
20/03/2014 23:31:54 lic 56
20/03/2014 23:31:54 lic 161
20/03/2014 23:31:54 lic 164
20/03/2014 23:32:01 Resultat renseigne pour le combat 95
20/03/2014 23:32:01 lic 56
20/03/2014 23:32:01 lic 55
20/03/2014 23:32:01 lic 161
20/03/2014 23:32:01 lic 164
20/03/2014 23:34:39 Resultat renseigne pour le combat 95
20/03/2014 23:36:22 Resultat renseigne pour le combat 95
22/03/2014 22:34:21 Resultat renseigne pour le combat 100
22/03/2014 22:34:49 Resultat renseigne pour le combat 101
22/03/2014 22:35:08 Resultat renseigne pour le combat 102
22/03/2014 22:53:06 Resultat renseigne pour le combat 103
22/03/2014 22:53:14 Resultat renseigne pour le combat 104
22/03/2014 22:53:31 Resultat renseigne pour le combat 105
22/03/2014 23:14:44 Resultat renseigne pour le combat 105
22/03/2014 23:21:37 Resultat renseigne pour le combat 105
22/03/2014 23:22:20 Resultat renseigne pour le combat 105
23/03/2014 14:56:57 nbCompetiteur : 3
23/03/2014 14:56:57 nbCompetiteur : 3
23/03/2014 14:56:57 nbCompetiteur : 4
23/03/2014 14:56:57 nbCompetiteur : 0
23/03/2014 16:01:13 Classement renseigne pour la poule 1
23/03/2014 16:01:13 Classement renseigne pour la poule 1
23/03/2014 16:01:13 Classement renseigne pour la poule 1
23/03/2014 16:01:20 Classement renseigne pour la poule 2
23/03/2014 16:01:20 Classement renseigne pour la poule 2
23/03/2014 16:01:20 Classement renseigne pour la poule 2
23/03/2014 16:01:31 Classement renseigne pour la poule 3
23/03/2014 16:01:31 Classement renseigne pour la poule 3
23/03/2014 16:01:31 Classement renseigne pour la poule 3
23/03/2014 16:01:31 Classement renseigne pour la poule 3
