06/03/2014 23:26:08 insertCombatPoule() : SQLSTATE[23000]: Integrity constraint violation: 1048 Column 'idcategorie' cannot be null
06/03/2014 23:26:08 insertCombatPoule() : SQLSTATE[23000]: Integrity constraint violation: 1048 Column 'idcategorie' cannot be null
06/03/2014 23:26:08 insertCombatPoule() : SQLSTATE[23000]: Integrity constraint violation: 1048 Column 'idcategorie' cannot be null
06/03/2014 23:26:08 insertCombatPoule() : SQLSTATE[23000]: Integrity constraint violation: 1048 Column 'idcategorie' cannot be null
06/03/2014 23:26:08 insertCombatPoule() : SQLSTATE[23000]: Integrity constraint violation: 1048 Column 'idcategorie' cannot be null
06/03/2014 23:26:08 insertCombatPoule() : SQLSTATE[23000]: Integrity constraint violation: 1048 Column 'idcategorie' cannot be null
06/03/2014 23:26:08 insertCombatPoule() : SQLSTATE[23000]: Integrity constraint violation: 1048 Column 'idcategorie' cannot be null
06/03/2014 23:26:08 insertCombatPoule() : SQLSTATE[23000]: Integrity constraint violation: 1048 Column 'idcategorie' cannot be null
06/03/2014 23:26:08 insertCombatPoule() : SQLSTATE[23000]: Integrity constraint violation: 1048 Column 'idcategorie' cannot be null
06/03/2014 23:26:08 insertCombatPoule() : SQLSTATE[23000]: Integrity constraint violation: 1048 Column 'idcategorie' cannot be null
06/03/2014 23:26:08 insertCombatPoule() : SQLSTATE[23000]: Integrity constraint violation: 1048 Column 'idcategorie' cannot be null
06/03/2014 23:26:08 insertCombatPoule() : SQLSTATE[23000]: Integrity constraint violation: 1048 Column 'idcategorie' cannot be null
06/03/2014 23:26:08 insertCombatPoule() : SQLSTATE[23000]: Integrity constraint violation: 1048 Column 'idcategorie' cannot be null
06/03/2014 23:26:08 insertCombatPoule() : SQLSTATE[23000]: Integrity constraint violation: 1048 Column 'idcategorie' cannot be null
06/03/2014 23:26:09 insertCombatPoule() : SQLSTATE[23000]: Integrity constraint violation: 1048 Column 'idcategorie' cannot be null
06/03/2014 23:26:09 insertCombatPoule() : SQLSTATE[23000]: Integrity constraint violation: 1048 Column 'idcategorie' cannot be null
06/03/2014 23:26:09 insertCombatPoule() : SQLSTATE[23000]: Integrity constraint violation: 1048 Column 'idcategorie' cannot be null
06/03/2014 23:26:09 insertCombatPoule() : SQLSTATE[23000]: Integrity constraint violation: 1048 Column 'idcategorie' cannot be null
06/03/2014 23:26:09 insertCombatPoule() : SQLSTATE[23000]: Integrity constraint violation: 1048 Column 'idcategorie' cannot be null
06/03/2014 23:26:09 insertCombatPoule() : SQLSTATE[23000]: Integrity constraint violation: 1048 Column 'idcategorie' cannot be null
06/03/2014 23:26:09 insertCombatPoule() : SQLSTATE[23000]: Integrity constraint violation: 1048 Column 'idcategorie' cannot be null
06/03/2014 23:26:09 insertCombatPoule() : SQLSTATE[23000]: Integrity constraint violation: 1048 Column 'idcategorie' cannot be null
06/03/2014 23:26:09 insertCombatPoule() : SQLSTATE[23000]: Integrity constraint violation: 1048 Column 'idcategorie' cannot be null
06/03/2014 23:26:09 insertCombatPoule() : SQLSTATE[23000]: Integrity constraint violation: 1048 Column 'idcategorie' cannot be null
06/03/2014 23:26:54 insertCombatPoule() : SQLSTATE[23000]: Integrity constraint violation: 1048 Column 'idcategorie' cannot be null
06/03/2014 23:26:54 insertCombatPoule() : SQLSTATE[23000]: Integrity constraint violation: 1048 Column 'idcategorie' cannot be null
06/03/2014 23:26:55 insertCombatPoule() : SQLSTATE[23000]: Integrity constraint violation: 1048 Column 'idcategorie' cannot be null
06/03/2014 23:26:55 insertCombatPoule() : SQLSTATE[23000]: Integrity constraint violation: 1048 Column 'idcategorie' cannot be null
06/03/2014 23:26:55 insertCombatPoule() : SQLSTATE[23000]: Integrity constraint violation: 1048 Column 'idcategorie' cannot be null
06/03/2014 23:26:55 insertCombatPoule() : SQLSTATE[23000]: Integrity constraint violation: 1048 Column 'idcategorie' cannot be null
06/03/2014 23:26:55 insertCombatPoule() : SQLSTATE[23000]: Integrity constraint violation: 1048 Column 'idcategorie' cannot be null
06/03/2014 23:26:55 insertCombatPoule() : SQLSTATE[23000]: Integrity constraint violation: 1048 Column 'idcategorie' cannot be null
06/03/2014 23:26:55 insertCombatPoule() : SQLSTATE[23000]: Integrity constraint violation: 1048 Column 'idcategorie' cannot be null
06/03/2014 23:26:55 insertCombatPoule() : SQLSTATE[23000]: Integrity constraint violation: 1048 Column 'idcategorie' cannot be null
06/03/2014 23:26:55 insertCombatPoule() : SQLSTATE[23000]: Integrity constraint violation: 1048 Column 'idcategorie' cannot be null
06/03/2014 23:26:55 insertCombatPoule() : SQLSTATE[23000]: Integrity constraint violation: 1048 Column 'idcategorie' cannot be null
06/03/2014 23:26:55 insertCombatPoule() : SQLSTATE[23000]: Integrity constraint violation: 1048 Column 'idcategorie' cannot be null
06/03/2014 23:26:55 insertCombatPoule() : SQLSTATE[23000]: Integrity constraint violation: 1048 Column 'idcategorie' cannot be null
06/03/2014 23:26:55 insertCombatPoule() : SQLSTATE[23000]: Integrity constraint violation: 1048 Column 'idcategorie' cannot be null
06/03/2014 23:26:55 insertCombatPoule() : SQLSTATE[23000]: Integrity constraint violation: 1048 Column 'idcategorie' cannot be null
06/03/2014 23:26:55 insertCombatPoule() : SQLSTATE[23000]: Integrity constraint violation: 1048 Column 'idcategorie' cannot be null
06/03/2014 23:26:55 insertCombatPoule() : SQLSTATE[23000]: Integrity constraint violation: 1048 Column 'idcategorie' cannot be null
06/03/2014 23:26:55 insertCombatPoule() : SQLSTATE[23000]: Integrity constraint violation: 1048 Column 'idcategorie' cannot be null
06/03/2014 23:26:55 insertCombatPoule() : SQLSTATE[23000]: Integrity constraint violation: 1048 Column 'idcategorie' cannot be null
06/03/2014 23:26:56 insertCombatPoule() : SQLSTATE[23000]: Integrity constraint violation: 1048 Column 'idcategorie' cannot be null
06/03/2014 23:26:56 insertCombatPoule() : SQLSTATE[23000]: Integrity constraint violation: 1048 Column 'idcategorie' cannot be null
06/03/2014 23:26:56 insertCombatPoule() : SQLSTATE[23000]: Integrity constraint violation: 1048 Column 'idcategorie' cannot be null
06/03/2014 23:26:56 insertCombatPoule() : SQLSTATE[23000]: Integrity constraint violation: 1048 Column 'idcategorie' cannot be null
08/03/2014 15:47:27 getCombatPoule() : SQLSTATE[42000]: Syntax error or access violation: 1064 You have an error in your SQL syntax; check the manual that corresponds to your MySQL server version for the right syntax to use near 'Sselect A.idlicencie,A.prenom, A.nom, B.idlicencie,B.prenom, B.nom, poule, ordre' at line 1
08/03/2014 15:47:27 getCombatPoule() : SQLSTATE[42000]: Syntax error or access violation: 1064 You have an error in your SQL syntax; check the manual that corresponds to your MySQL server version for the right syntax to use near 'Sselect A.idlicencie,A.prenom, A.nom, B.idlicencie,B.prenom, B.nom, poule, ordre' at line 1
08/03/2014 21:46:44 getCombatPoule() : SQLSTATE[42S22]: Column not found: 1054 Unknown column 'resultat' in 'field list'
08/03/2014 21:46:45 getCombatPoule() : SQLSTATE[42S22]: Column not found: 1054 Unknown column 'resultat' in 'field list'
08/03/2014 21:47:13 getCombatPoule() : SQLSTATE[42S22]: Column not found: 1054 Unknown column 'resultat' in 'field list'
08/03/2014 21:47:13 getCombatPoule() : SQLSTATE[42S22]: Column not found: 1054 Unknown column 'resultat' in 'field list'
08/03/2014 21:48:22 getCombatPoule() : SQLSTATE[42S22]: Column not found: 1054 Unknown column 'resultat' in 'field list'
08/03/2014 21:48:22 getCombatPoule() : SQLSTATE[42S22]: Column not found: 1054 Unknown column 'resultat' in 'field list'
08/03/2014 21:48:24 getCombatPoule() : SQLSTATE[42S22]: Column not found: 1054 Unknown column 'resultat' in 'field list'
08/03/2014 21:48:24 getCombatPoule() : SQLSTATE[42S22]: Column not found: 1054 Unknown column 'resultat' in 'field list'
08/03/2014 21:48:38 getCombatPoule() : SQLSTATE[42S22]: Column not found: 1054 Unknown column 'resultat' in 'field list'
08/03/2014 21:48:38 getCombatPoule() : SQLSTATE[42S22]: Column not found: 1054 Unknown column 'resultat' in 'field list'
08/03/2014 21:49:05 getCombatPoule() : SQLSTATE[42S22]: Column not found: 1054 Unknown column 'resultat' in 'field list'
08/03/2014 21:49:05 getCombatPoule() : SQLSTATE[42S22]: Column not found: 1054 Unknown column 'resultat' in 'field list'
08/03/2014 21:49:15 getCombatPoule() : SQLSTATE[42S22]: Column not found: 1054 Unknown column 'resultat' in 'field list'
08/03/2014 21:49:15 getCombatPoule() : SQLSTATE[42S22]: Column not found: 1054 Unknown column 'resultat' in 'field list'
09/03/2014 22:38:20 getResultatPoule() : SQLSTATE[42S22]: Column not found: 1054 Unknown column 'categorie' in 'where clause'
09/03/2014 22:38:20 getResultatPoule() : SQLSTATE[42S22]: Column not found: 1054 Unknown column 'categorie' in 'where clause'
09/03/2014 22:38:20 setResultatPoule() : SQLSTATE[42S22]: Column not found: 1054 Unknown column 'categorie' in 'where clause'
09/03/2014 22:38:20 setResultatPoule() : SQLSTATE[42S22]: Column not found: 1054 Unknown column 'categorie' in 'where clause'
09/03/2014 22:38:20 getResultatPoule() : SQLSTATE[42S22]: Column not found: 1054 Unknown column 'categorie' in 'where clause'
09/03/2014 22:38:20 getResultatPoule() : SQLSTATE[42S22]: Column not found: 1054 Unknown column 'categorie' in 'where clause'
09/03/2014 22:38:21 setResultatPoule() : SQLSTATE[42S22]: Column not found: 1054 Unknown column 'categorie' in 'where clause'
09/03/2014 22:38:21 setResultatPoule() : SQLSTATE[42S22]: Column not found: 1054 Unknown column 'categorie' in 'where clause'
09/03/2014 22:38:21 getResultatPoule() : SQLSTATE[42S22]: Column not found: 1054 Unknown column 'categorie' in 'where clause'
09/03/2014 22:38:21 getResultatPoule() : SQLSTATE[42S22]: Column not found: 1054 Unknown column 'categorie' in 'where clause'
09/03/2014 22:38:21 setResultatPoule() : SQLSTATE[42S22]: Column not found: 1054 Unknown column 'categorie' in 'where clause'
09/03/2014 22:38:21 setResultatPoule() : SQLSTATE[42S22]: Column not found: 1054 Unknown column 'categorie' in 'where clause'
09/03/2014 22:41:30 getResultatPoule() : SQLSTATE[42S22]: Column not found: 1054 Unknown column 'categorie' in 'where clause'
09/03/2014 22:41:30 getResultatPoule() : SQLSTATE[42S22]: Column not found: 1054 Unknown column 'categorie' in 'where clause'
09/03/2014 22:41:30 setResultatPoule() : SQLSTATE[42S22]: Column not found: 1054 Unknown column 'categorie' in 'where clause'
09/03/2014 22:41:30 setResultatPoule() : SQLSTATE[42S22]: Column not found: 1054 Unknown column 'categorie' in 'where clause'
09/03/2014 22:41:30 getResultatPoule() : SQLSTATE[42S22]: Column not found: 1054 Unknown column 'categorie' in 'where clause'
09/03/2014 22:41:30 getResultatPoule() : SQLSTATE[42S22]: Column not found: 1054 Unknown column 'categorie' in 'where clause'
09/03/2014 22:41:30 setResultatPoule() : SQLSTATE[42S22]: Column not found: 1054 Unknown column 'categorie' in 'where clause'
09/03/2014 22:41:30 setResultatPoule() : SQLSTATE[42S22]: Column not found: 1054 Unknown column 'categorie' in 'where clause'
09/03/2014 22:41:30 getResultatPoule() : SQLSTATE[42S22]: Column not found: 1054 Unknown column 'categorie' in 'where clause'
09/03/2014 22:41:30 getResultatPoule() : SQLSTATE[42S22]: Column not found: 1054 Unknown column 'categorie' in 'where clause'
09/03/2014 22:41:30 setResultatPoule() : SQLSTATE[42S22]: Column not found: 1054 Unknown column 'categorie' in 'where clause'
09/03/2014 22:41:30 setResultatPoule() : SQLSTATE[42S22]: Column not found: 1054 Unknown column 'categorie' in 'where clause'
10/03/2014 21:45:27 getParticipantInPoule() : SQLSTATE[HY093]: Invalid parameter number: number of bound variables does not match number of tokens
10/03/2014 21:45:27 getParticipantInPoule() : SQLSTATE[HY093]: Invalid parameter number: number of bound variables does not match number of tokens
10/03/2014 22:00:58 getTirageCategorieOrdonne() : SQLSTATE[42000]: Syntax error or access violation: 1064 You have an error in your SQL syntax; check the manual that corresponds to your MySQL server version for the right syntax to use near 'outer join resultat_poule C on (tirage.idlicencie = C.idlicencie and tirage.nume' at line 2
10/03/2014 22:00:58 getTirageCategorieOrdonne() : SQLSTATE[42000]: Syntax error or access violation: 1064 You have an error in your SQL syntax; check the manual that corresponds to your MySQL server version for the right syntax to use near 'outer join resultat_poule C on (tirage.idlicencie = C.idlicencie and tirage.nume' at line 2
10/03/2014 22:01:06 getTirageCategorieOrdonne() : SQLSTATE[42000]: Syntax error or access violation: 1064 You have an error in your SQL syntax; check the manual that corresponds to your MySQL server version for the right syntax to use near 'outer join resultat_poule C on (tirage.idlicencie = C.idlicencie and tirage.nume' at line 2
10/03/2014 22:01:06 getTirageCategorieOrdonne() : SQLSTATE[42000]: Syntax error or access violation: 1064 You have an error in your SQL syntax; check the manual that corresponds to your MySQL server version for the right syntax to use near 'outer join resultat_poule C on (tirage.idlicencie = C.idlicencie and tirage.nume' at line 2
10/03/2014 22:02:16 getTirageCategorieOrdonneWithClassement() : SQLSTATE[23000]: Integrity constraint violation: 1052 Column 'numero_poule' in field list is ambiguous
10/03/2014 22:02:16 getTirageCategorieOrdonneWithClassement() : SQLSTATE[23000]: Integrity constraint violation: 1052 Column 'numero_poule' in field list is ambiguous
10/03/2014 22:02:59 getTirageCategorieOrdonneWithClassement() : SQLSTATE[23000]: Integrity constraint violation: 1052 Column 'numero_poule' in field list is ambiguous
10/03/2014 22:02:59 getTirageCategorieOrdonneWithClassement() : SQLSTATE[23000]: Integrity constraint violation: 1052 Column 'numero_poule' in field list is ambiguous
10/03/2014 23:03:04 addResultatPoule() : SQLSTATE[23000]: Integrity constraint violation: 1062 Duplicate entry '164-1-1' for key 'PRIMARY'
10/03/2014 23:03:04 addResultatPoule() : SQLSTATE[23000]: Integrity constraint violation: 1062 Duplicate entry '164-1-1' for key 'PRIMARY'
10/03/2014 23:03:04 addResultatPoule() : SQLSTATE[23000]: Integrity constraint violation: 1062 Duplicate entry '54-1-3' for key 'PRIMARY'
10/03/2014 23:03:04 addResultatPoule() : SQLSTATE[23000]: Integrity constraint violation: 1062 Duplicate entry '54-1-3' for key 'PRIMARY'
20/03/2014 22:15:32 getLicencieByCombat() : SQLSTATE[42S22]: Column not found: 1054 Unknown column 'idcombat' in 'where clause'
20/03/2014 22:15:32 getLicencieByCombat() : SQLSTATE[42S22]: Column not found: 1054 Unknown column 'idcombat' in 'where clause'
20/03/2014 22:15:32 getResultatCombatInTirage() : SQLSTATE[42S02]: Base table or view not found: 1146 Table 'gck.resultat_combat' doesn't exist
20/03/2014 22:15:32 getResultatCombatInTirage() : SQLSTATE[42S02]: Base table or view not found: 1146 Table 'gck.resultat_combat' doesn't exist
20/03/2014 22:15:32 getResultatCombatInTirage() : SQLSTATE[42S02]: Base table or view not found: 1146 Table 'gck.resultat_combat' doesn't exist
20/03/2014 22:15:32 getResultatCombatInTirage() : SQLSTATE[42S02]: Base table or view not found: 1146 Table 'gck.resultat_combat' doesn't exist
20/03/2014 22:15:32 setResultatCombatInTirage() : SQLSTATE[42000]: Syntax error or access violation: 1064 You have an error in your SQL syntax; check the manual that corresponds to your MySQL server version for the right syntax to use near 'into tirage set resultat_combat = NULL 
					 where idlicencie = NULL and numero' at line 1
20/03/2014 22:15:32 setResultatCombatInTirage() : SQLSTATE[42000]: Syntax error or access violation: 1064 You have an error in your SQL syntax; check the manual that corresponds to your MySQL server version for the right syntax to use near 'into tirage set resultat_combat = NULL 
					 where idlicencie = NULL and numero' at line 1
20/03/2014 22:15:32 setResultatCombatInTirage() : SQLSTATE[42000]: Syntax error or access violation: 1064 You have an error in your SQL syntax; check the manual that corresponds to your MySQL server version for the right syntax to use near 'into tirage set resultat_combat = '1' 
					 where idlicencie = NULL and numero_' at line 1
20/03/2014 22:15:32 setResultatCombatInTirage() : SQLSTATE[42000]: Syntax error or access violation: 1064 You have an error in your SQL syntax; check the manual that corresponds to your MySQL server version for the right syntax to use near 'into tirage set resultat_combat = '1' 
					 where idlicencie = NULL and numero_' at line 1
20/03/2014 22:17:05 getResultatCombatInTirage() : SQLSTATE[42S02]: Base table or view not found: 1146 Table 'gck.resultat_combat' doesn't exist
20/03/2014 22:17:05 getResultatCombatInTirage() : SQLSTATE[42S02]: Base table or view not found: 1146 Table 'gck.resultat_combat' doesn't exist
20/03/2014 22:17:05 getResultatCombatInTirage() : SQLSTATE[42S02]: Base table or view not found: 1146 Table 'gck.resultat_combat' doesn't exist
20/03/2014 22:17:05 getResultatCombatInTirage() : SQLSTATE[42S02]: Base table or view not found: 1146 Table 'gck.resultat_combat' doesn't exist
20/03/2014 22:17:05 setResultatCombatInTirage() : SQLSTATE[42000]: Syntax error or access violation: 1064 You have an error in your SQL syntax; check the manual that corresponds to your MySQL server version for the right syntax to use near 'into tirage set resultat_combat = '1' 
					 where idlicencie = '54' and numero_' at line 1
20/03/2014 22:17:05 setResultatCombatInTirage() : SQLSTATE[42000]: Syntax error or access violation: 1064 You have an error in your SQL syntax; check the manual that corresponds to your MySQL server version for the right syntax to use near 'into tirage set resultat_combat = '1' 
					 where idlicencie = '54' and numero_' at line 1
20/03/2014 22:17:05 setResultatCombatInTirage() : SQLSTATE[42000]: Syntax error or access violation: 1064 You have an error in your SQL syntax; check the manual that corresponds to your MySQL server version for the right syntax to use near 'into tirage set resultat_combat = NULL 
					 where idlicencie = '163' and numer' at line 1
20/03/2014 22:17:05 setResultatCombatInTirage() : SQLSTATE[42000]: Syntax error or access violation: 1064 You have an error in your SQL syntax; check the manual that corresponds to your MySQL server version for the right syntax to use near 'into tirage set resultat_combat = NULL 
					 where idlicencie = '163' and numer' at line 1
20/03/2014 22:18:18 getResultatCombatInTirage() : SQLSTATE[42S22]: Column not found: 1054 Unknown column 'resultat_combat' in 'field list'
20/03/2014 22:18:18 getResultatCombatInTirage() : SQLSTATE[42S22]: Column not found: 1054 Unknown column 'resultat_combat' in 'field list'
20/03/2014 22:18:18 getResultatCombatInTirage() : SQLSTATE[42S22]: Column not found: 1054 Unknown column 'resultat_combat' in 'field list'
20/03/2014 22:18:18 getResultatCombatInTirage() : SQLSTATE[42S22]: Column not found: 1054 Unknown column 'resultat_combat' in 'field list'
20/03/2014 22:18:18 setResultatCombatInTirage() : SQLSTATE[42000]: Syntax error or access violation: 1064 You have an error in your SQL syntax; check the manual that corresponds to your MySQL server version for the right syntax to use near 'into tirage set resultat_combat = '1' 
					 where idlicencie = '54' and numero_' at line 1
20/03/2014 22:18:18 setResultatCombatInTirage() : SQLSTATE[42000]: Syntax error or access violation: 1064 You have an error in your SQL syntax; check the manual that corresponds to your MySQL server version for the right syntax to use near 'into tirage set resultat_combat = '1' 
					 where idlicencie = '54' and numero_' at line 1
20/03/2014 22:18:18 setResultatCombatInTirage() : SQLSTATE[42000]: Syntax error or access violation: 1064 You have an error in your SQL syntax; check the manual that corresponds to your MySQL server version for the right syntax to use near 'into tirage set resultat_combat = NULL 
					 where idlicencie = '163' and numer' at line 1
20/03/2014 22:18:18 setResultatCombatInTirage() : SQLSTATE[42000]: Syntax error or access violation: 1064 You have an error in your SQL syntax; check the manual that corresponds to your MySQL server version for the right syntax to use near 'into tirage set resultat_combat = NULL 
					 where idlicencie = '163' and numer' at line 1
20/03/2014 22:49:14 addResultatPoule() : SQLSTATE[23000]: Integrity constraint violation: 1048 Column 'idlicencie' cannot be null
20/03/2014 22:49:14 addResultatPoule() : SQLSTATE[23000]: Integrity constraint violation: 1048 Column 'idlicencie' cannot be null
20/03/2014 22:49:14 addResultatPoule() : SQLSTATE[23000]: Integrity constraint violation: 1048 Column 'idlicencie' cannot be null
20/03/2014 22:49:14 addResultatPoule() : SQLSTATE[23000]: Integrity constraint violation: 1048 Column 'idlicencie' cannot be null
20/03/2014 22:50:54 addResultatPoule() : SQLSTATE[23000]: Integrity constraint violation: 1062 Duplicate entry '3-2-1' for key 'PRIMARY'
20/03/2014 22:50:54 addResultatPoule() : SQLSTATE[23000]: Integrity constraint violation: 1062 Duplicate entry '3-2-1' for key 'PRIMARY'
20/03/2014 22:50:54 addResultatPoule() : SQLSTATE[23000]: Integrity constraint violation: 1062 Duplicate entry '3-2-2' for key 'PRIMARY'
20/03/2014 22:50:54 addResultatPoule() : SQLSTATE[23000]: Integrity constraint violation: 1062 Duplicate entry '3-2-2' for key 'PRIMARY'
20/03/2014 23:32:01 setResultatPoule() : SQLSTATE[23000]: Integrity constraint violation: 1062 Duplicate entry '56-3-1' for key 'PRIMARY'
20/03/2014 23:32:01 setResultatPoule() : SQLSTATE[23000]: Integrity constraint violation: 1062 Duplicate entry '56-3-1' for key 'PRIMARY'
20/03/2014 23:32:01 setResultatPoule() : SQLSTATE[23000]: Integrity constraint violation: 1062 Duplicate entry '55-3-2' for key 'PRIMARY'
20/03/2014 23:32:01 setResultatPoule() : SQLSTATE[23000]: Integrity constraint violation: 1062 Duplicate entry '55-3-2' for key 'PRIMARY'
20/03/2014 23:32:01 setResultatPoule() : SQLSTATE[23000]: Integrity constraint violation: 1062 Duplicate entry '161-3-3' for key 'PRIMARY'
20/03/2014 23:32:01 setResultatPoule() : SQLSTATE[23000]: Integrity constraint violation: 1062 Duplicate entry '161-3-3' for key 'PRIMARY'
20/03/2014 23:32:01 setResultatPoule() : SQLSTATE[23000]: Integrity constraint violation: 1062 Duplicate entry '164-3-4' for key 'PRIMARY'
20/03/2014 23:32:01 setResultatPoule() : SQLSTATE[23000]: Integrity constraint violation: 1062 Duplicate entry '164-3-4' for key 'PRIMARY'
20/03/2014 23:34:39 setResultatPoule() : SQLSTATE[23000]: Integrity constraint violation: 1062 Duplicate entry '56-3-1' for key 'PRIMARY'
20/03/2014 23:34:40 setResultatPoule() : SQLSTATE[23000]: Integrity constraint violation: 1062 Duplicate entry '56-3-1' for key 'PRIMARY'
20/03/2014 23:34:40 setResultatPoule() : SQLSTATE[23000]: Integrity constraint violation: 1062 Duplicate entry '55-3-2' for key 'PRIMARY'
20/03/2014 23:34:40 setResultatPoule() : SQLSTATE[23000]: Integrity constraint violation: 1062 Duplicate entry '55-3-2' for key 'PRIMARY'
20/03/2014 23:34:40 setResultatPoule() : SQLSTATE[23000]: Integrity constraint violation: 1062 Duplicate entry '161-3-3' for key 'PRIMARY'
20/03/2014 23:34:40 setResultatPoule() : SQLSTATE[23000]: Integrity constraint violation: 1062 Duplicate entry '161-3-3' for key 'PRIMARY'
20/03/2014 23:34:40 setResultatPoule() : SQLSTATE[23000]: Integrity constraint violation: 1062 Duplicate entry '164-3-4' for key 'PRIMARY'
20/03/2014 23:34:40 setResultatPoule() : SQLSTATE[23000]: Integrity constraint violation: 1062 Duplicate entry '164-3-4' for key 'PRIMARY'
22/03/2014 22:37:28 getTirageCategorieOrdonneWithClassement() : SQLSTATE[42S22]: Column not found: 1054 Unknown column 'tirage.idlicencie' in 'where clause'
22/03/2014 22:37:28 getTirageCategorieOrdonneWithClassement() : SQLSTATE[42S22]: Column not found: 1054 Unknown column 'tirage.idlicencie' in 'where clause'
22/03/2014 23:48:23 razResultatCombatPoule() : SQLSTATE[HY093]: Invalid parameter number: number of bound variables does not match number of tokens
22/03/2014 23:48:23 razResultatCombatPoule() : SQLSTATE[HY093]: Invalid parameter number: number of bound variables does not match number of tokens
22/03/2014 23:48:49 razResultatCombatPoule() : SQLSTATE[HY093]: Invalid parameter number: number of bound variables does not match number of tokens
22/03/2014 23:48:49 razResultatCombatPoule() : SQLSTATE[HY093]: Invalid parameter number: number of bound variables does not match number of tokens
22/03/2014 23:48:59 razResultatCombatPoule() : SQLSTATE[HY093]: Invalid parameter number: number of bound variables does not match number of tokens
22/03/2014 23:48:59 razResultatCombatPoule() : SQLSTATE[HY093]: Invalid parameter number: number of bound variables does not match number of tokens
